2026-07-17 21:25:02,033  INFO [pipeline.py:76] Pipeline starting — mode: FULL
2026-07-17 21:25:02,136  INFO [extract.py:13] Extracted 25 from the table
2026-07-17 21:25:02,146  INFO [load.py:21] 25 inserted to dim_driver
2026-07-17 21:25:02,149  INFO [extract.py:13] Extracted 45 from the table
2026-07-17 21:25:02,160  INFO [load.py:44] 45 inserted to dim_passenger
2026-07-17 21:25:02,162  INFO [extract.py:13] Extracted 25 from the table
2026-07-17 21:25:02,168  INFO [load.py:69] 0 inserted to dim_location
2026-07-17 21:25:02,169  INFO [extract.py:13] Extracted 7 from the table
2026-07-17 21:25:02,171  INFO [load.py:91] 0 inserted to dim_payment_method
2026-07-17 21:25:02,171  INFO [extract.py:13] Extracted 10 from the table
2026-07-17 21:25:02,174  INFO [load.py:114] 0 inserted to dim_promo_code
2026-07-17 21:25:02,175  INFO [extract.py:13] Extracted 30 from the table
2026-07-17 21:25:02,182  INFO [load.py:139] 0 inserted to dim_vehicle
2026-07-17 21:25:02,183  INFO [pipeline.py:101] Dimension table load completed in 0.05s
2026-07-17 21:25:02,183  INFO [extract.py:190] Loading lookup table into memmory
2026-07-17 21:25:02,187  INFO [pipeline.py:106] Lookup extraction completed in 0.00s
2026-07-17 21:25:02,291  INFO [extract.py:13] Extracted 10000 from the table
2026-07-17 21:25:02,291  INFO [pipeline.py:115] Trip extraction completed in 0.10s
2026-07-17 21:25:02,334  INFO [transform.py:111] Transformed 10000 rows, skipped 0
2026-07-17 21:25:02,334  INFO [pipeline.py:120] Transformation completed in 0.04s
2026-07-17 21:25:02,337  ERROR [pipeline.py:138] QUALITY GATE FAILED: Quality check failed: no_negative_fares — 1 rows with fare_amount <= 0
